{"uuid":"2e39c29d-a855-46ab-ab6e-52b9e9beec74","historyId":"868390f1105aefb31743682f217595c8","fullName":"Список товаров: Добавление нового товара","labels":[{"name":"host","value":"DESKTOP-IJLTNLS"},{"name":"thread","value":"5252@DESKTOP-IJLTNLS.main(1)"},{"name":"feature","value":"Список товаров"},{"name":"story","value":"Добавление нового товара"},{"name":"suite","value":"Список товаров"},{"name":"testClass","value":"Добавление нового товара"},{"name":"framework","value":"cucumber4jvm"},{"name":"language","value":"java"},{"name":"gherkin_uri","value":"file:///C:/Users/admin/IdeaProjects/chameleon-qualIT/src/test/resources/features/addFoodTest.feature"},{"name":"package","value":"src.test.resources.features.addFoodTest_feature.Список товаров"}],"links":[],"name":"Добавление нового товара","status":"broken","statusDetails":{"known":false,"muted":false,"flaky":false,"message":"Expected condition failed: waiting for element to be clickable: Товары (tried for 10 second(s) with 200 milliseconds interval)\nBuild info: version: '4.6.0', revision: '79f1c02ae20'\nSystem info: os.name: 'Windows 10', os.arch: 'amd64', os.version: '10.0', java.version: '11.0.20'\nDriver info: ru.ibsqa.chameleon.selenium.driver.universal.UniversalDriver","trace":"org.openqa.selenium.TimeoutException: Expected condition failed: waiting for element to be clickable: Товары (tried for 10 second(s) with 200 milliseconds interval)\nBuild info: version: '4.6.0', revision: '79f1c02ae20'\nSystem info: os.name: 'Windows 10', os.arch: 'amd64', os.version: '10.0', java.version: '11.0.20'\nDriver info: ru.ibsqa.chameleon.selenium.driver.universal.UniversalDriver\r\n\tat org.openqa.selenium.support.ui.WebDriverWait.timeoutException(WebDriverWait.java:87)\r\n\tat org.openqa.selenium.support.ui.FluentWait.until(FluentWait.java:231)\r\n\tat ru.ibsqa.chameleon.elements.selenium.WebElementFacade.click(WebElementFacade.java:85)\r\n\tat ru.ibsqa.chameleon.utils.waiting.Waiting.lambda$apply$2(Waiting.java:139)\r\n\tat ru.ibsqa.chameleon.utils.waiting.WaitingUtils.lambda$explore$1(WaitingUtils.java:82)\r\n\tat ru.ibsqa.chameleon.utils.waiting.WaitingUtils.waiting(WaitingUtils.java:37)\r\n\tat ru.ibsqa.chameleon.utils.waiting.WaitingUtils.waiting(WaitingUtils.java:56)\r\n\tat ru.ibsqa.chameleon.utils.waiting.WaitingUtils.explore(WaitingUtils.java:79)\r\n\tat ru.ibsqa.chameleon.utils.waiting.Waiting.explore(Waiting.java:81)\r\n\tat ru.ibsqa.chameleon.utils.waiting.Waiting.apply(Waiting.java:138)\r\n\tat ru.ibsqa.chameleon.steps.SeleniumFieldSteps.clickField_aroundBody2(SeleniumFieldSteps.java:38)\r\n\tat ru.ibsqa.chameleon.steps.SeleniumFieldSteps$AjcClosure3.run(SeleniumFieldSteps.java:1)\r\n\tat org.aspectj.runtime.reflect.JoinPointImpl.proceed(JoinPointImpl.java:270)\r\n\tat ru.ibsqa.chameleon.steps.aspect.StepListenerManagerImpl.stepAround(StepListenerManagerImpl.java:123)\r\n\tat ru.ibsqa.chameleon.steps.aspect.AspectSteps.stepUINestedAround(AspectSteps.java:34)\r\n\tat ru.ibsqa.chameleon.steps.SeleniumFieldSteps.clickField(SeleniumFieldSteps.java:37)\r\n\tat ru.ibsqa.chameleon.steps.SeleniumFieldStorySteps.lambda$stepClickField$2(SeleniumFieldStorySteps.java:62)\r\n\tat ru.ibsqa.chameleon.steps.StepFlowImpl.checkStepFlow(StepFlowImpl.java:68)\r\n\tat ru.ibsqa.chameleon.steps.AbstractSteps.flow(AbstractSteps.java:36)\r\n\tat ru.ibsqa.chameleon.steps.SeleniumFieldStorySteps.stepClickField(SeleniumFieldStorySteps.java:58)\r\n\tat ✽.выполнено нажатие на \"Товары\"(file:///C:/Users/admin/IdeaProjects/chameleon-qualIT/src/test/resources/features/addFoodTest.feature:10)\r\n"},"stage":"finished","steps":[{"name":"*  страница \"Главная страница\" загружена","status":"passed","statusDetails":{"known":false,"muted":false,"flaky":false},"stage":"finished","steps":[{"name":"страница \"Главная страница\" загружена","status":"passed","stage":"finished","steps":[],"attachments":[],"parameters":[{"name":"page","value":"Главная страница"}],"start":1705689910559,"stop":1705689910963}],"attachments":[],"parameters":[],"start":1705689909878,"stop":1705689910970},{"name":"*  выполнено нажатие на \"Товары\"","status":"broken","statusDetails":{"known":false,"muted":false,"flaky":false,"message":"Expected condition failed: waiting for element to be clickable: Товары (tried for 10 second(s) with 200 milliseconds interval)\nBuild info: version: '4.6.0', revision: '79f1c02ae20'\nSystem info: os.name: 'Windows 10', os.arch: 'amd64', os.version: '10.0', java.version: '11.0.20'\nDriver info: ru.ibsqa.chameleon.selenium.driver.universal.UniversalDriver","trace":"org.openqa.selenium.TimeoutException: Expected condition failed: waiting for element to be clickable: Товары (tried for 10 second(s) with 200 milliseconds interval)\nBuild info: version: '4.6.0', revision: '79f1c02ae20'\nSystem info: os.name: 'Windows 10', os.arch: 'amd64', os.version: '10.0', java.version: '11.0.20'\nDriver info: ru.ibsqa.chameleon.selenium.driver.universal.UniversalDriver\r\n\tat org.openqa.selenium.support.ui.WebDriverWait.timeoutException(WebDriverWait.java:87)\r\n\tat org.openqa.selenium.support.ui.FluentWait.until(FluentWait.java:231)\r\n\tat ru.ibsqa.chameleon.elements.selenium.WebElementFacade.click(WebElementFacade.java:85)\r\n\tat ru.ibsqa.chameleon.utils.waiting.Waiting.lambda$apply$2(Waiting.java:139)\r\n\tat ru.ibsqa.chameleon.utils.waiting.WaitingUtils.lambda$explore$1(WaitingUtils.java:82)\r\n\tat ru.ibsqa.chameleon.utils.waiting.WaitingUtils.waiting(WaitingUtils.java:37)\r\n\tat ru.ibsqa.chameleon.utils.waiting.WaitingUtils.waiting(WaitingUtils.java:56)\r\n\tat ru.ibsqa.chameleon.utils.waiting.WaitingUtils.explore(WaitingUtils.java:79)\r\n\tat ru.ibsqa.chameleon.utils.waiting.Waiting.explore(Waiting.java:81)\r\n\tat ru.ibsqa.chameleon.utils.waiting.Waiting.apply(Waiting.java:138)\r\n\tat ru.ibsqa.chameleon.steps.SeleniumFieldSteps.clickField_aroundBody2(SeleniumFieldSteps.java:38)\r\n\tat ru.ibsqa.chameleon.steps.SeleniumFieldSteps$AjcClosure3.run(SeleniumFieldSteps.java:1)\r\n\tat org.aspectj.runtime.reflect.JoinPointImpl.proceed(JoinPointImpl.java:270)\r\n\tat ru.ibsqa.chameleon.steps.aspect.StepListenerManagerImpl.stepAround(StepListenerManagerImpl.java:123)\r\n\tat ru.ibsqa.chameleon.steps.aspect.AspectSteps.stepUINestedAround(AspectSteps.java:34)\r\n\tat ru.ibsqa.chameleon.steps.SeleniumFieldSteps.clickField(SeleniumFieldSteps.java:37)\r\n\tat ru.ibsqa.chameleon.steps.SeleniumFieldStorySteps.lambda$stepClickField$2(SeleniumFieldStorySteps.java:62)\r\n\tat ru.ibsqa.chameleon.steps.StepFlowImpl.checkStepFlow(StepFlowImpl.java:68)\r\n\tat ru.ibsqa.chameleon.steps.AbstractSteps.flow(AbstractSteps.java:36)\r\n\tat ru.ibsqa.chameleon.steps.SeleniumFieldStorySteps.stepClickField(SeleniumFieldStorySteps.java:58)\r\n\tat ✽.выполнено нажатие на \"Товары\"(file:///C:/Users/admin/IdeaProjects/chameleon-qualIT/src/test/resources/features/addFoodTest.feature:10)\r\n"},"stage":"finished","steps":[{"name":"выполнено нажатие на \"Товары\"","status":"broken","statusDetails":{"known":false,"muted":false,"flaky":false,"message":"Expected condition failed: waiting for element to be clickable: Товары (tried for 10 second(s) with 200 milliseconds interval)\nBuild info: version: '4.6.0', revision: '79f1c02ae20'\nSystem info: os.name: 'Windows 10', os.arch: 'amd64', os.version: '10.0', java.version: '11.0.20'\nDriver info: ru.ibsqa.chameleon.selenium.driver.universal.UniversalDriver","trace":"org.openqa.selenium.TimeoutException: Expected condition failed: waiting for element to be clickable: Товары (tried for 10 second(s) with 200 milliseconds interval)\nBuild info: version: '4.6.0', revision: '79f1c02ae20'\nSystem info: os.name: 'Windows 10', os.arch: 'amd64', os.version: '10.0', java.version: '11.0.20'\nDriver info: ru.ibsqa.chameleon.selenium.driver.universal.UniversalDriver\r\n\tat org.openqa.selenium.support.ui.WebDriverWait.timeoutException(WebDriverWait.java:87)\r\n\tat org.openqa.selenium.support.ui.FluentWait.until(FluentWait.java:231)\r\n\tat ru.ibsqa.chameleon.elements.selenium.WebElementFacade.click(WebElementFacade.java:85)\r\n\tat ru.ibsqa.chameleon.utils.waiting.Waiting.lambda$apply$2(Waiting.java:139)\r\n\tat ru.ibsqa.chameleon.utils.waiting.WaitingUtils.lambda$explore$1(WaitingUtils.java:82)\r\n\tat ru.ibsqa.chameleon.utils.waiting.WaitingUtils.waiting(WaitingUtils.java:37)\r\n\tat ru.ibsqa.chameleon.utils.waiting.WaitingUtils.waiting(WaitingUtils.java:56)\r\n\tat ru.ibsqa.chameleon.utils.waiting.WaitingUtils.explore(WaitingUtils.java:79)\r\n\tat ru.ibsqa.chameleon.utils.waiting.Waiting.explore(Waiting.java:81)\r\n\tat ru.ibsqa.chameleon.utils.waiting.Waiting.apply(Waiting.java:138)\r\n\tat ru.ibsqa.chameleon.steps.SeleniumFieldSteps.clickField_aroundBody2(SeleniumFieldSteps.java:38)\r\n\tat ru.ibsqa.chameleon.steps.SeleniumFieldSteps$AjcClosure3.run(SeleniumFieldSteps.java:1)\r\n\tat org.aspectj.runtime.reflect.JoinPointImpl.proceed(JoinPointImpl.java:270)\r\n\tat ru.ibsqa.chameleon.steps.aspect.StepListenerManagerImpl.stepAround(StepListenerManagerImpl.java:123)\r\n\tat ru.ibsqa.chameleon.steps.aspect.AspectSteps.stepUINestedAround(AspectSteps.java:34)\r\n\tat ru.ibsqa.chameleon.steps.SeleniumFieldSteps.clickField(SeleniumFieldSteps.java:37)\r\n\tat ru.ibsqa.chameleon.steps.SeleniumFieldStorySteps.lambda$stepClickField$2(SeleniumFieldStorySteps.java:62)\r\n\tat ru.ibsqa.chameleon.steps.StepFlowImpl.checkStepFlow(StepFlowImpl.java:68)\r\n\tat ru.ibsqa.chameleon.steps.AbstractSteps.flow(AbstractSteps.java:36)\r\n\tat ru.ibsqa.chameleon.steps.SeleniumFieldStorySteps.stepClickField(SeleniumFieldStorySteps.java:58)\r\n\tat java.base/jdk.internal.reflect.NativeMethodAccessorImpl.invoke0(Native Method)\r\n\tat java.base/jdk.internal.reflect.NativeMethodAccessorImpl.invoke(NativeMethodAccessorImpl.java:62)\r\n\tat java.base/jdk.internal.reflect.DelegatingMethodAccessorImpl.invoke(DelegatingMethodAccessorImpl.java:43)\r\n\tat java.base/java.lang.reflect.Method.invoke(Method.java:566)\r\n\tat io.cucumber.java.Invoker.doInvoke(Invoker.java:66)\r\n\tat io.cucumber.java.Invoker.invoke(Invoker.java:24)\r\n\tat io.cucumber.java.AbstractGlueDefinition.invokeMethod(AbstractGlueDefinition.java:47)\r\n\tat io.cucumber.java.JavaStepDefinition.execute(JavaStepDefinition.java:29)\r\n\tat io.cucumber.core.runner.CoreStepDefinition.execute(CoreStepDefinition.java:66)\r\n\tat io.cucumber.core.runner.PickleStepDefinitionMatch.runStep(PickleStepDefinitionMatch.java:63)\r\n\tat io.cucumber.core.runner.ExecutionMode$1.execute(ExecutionMode.java:10)\r\n\tat io.cucumber.core.runner.TestStep.executeStep(TestStep.java:85)\r\n\tat io.cucumber.core.runner.TestStep.run(TestStep.java:57)\r\n\tat io.cucumber.core.runner.PickleStepTestStep.run(PickleStepTestStep.java:51)\r\n\tat io.cucumber.core.runner.TestCase.run(TestCase.java:84)\r\n\tat io.cucumber.core.runner.Runner.runPickle(Runner.java:75)\r\n\tat io.cucumber.core.runtime.Runtime.lambda$executePickle$6(Runtime.java:129)\r\n\tat io.cucumber.core.runtime.CucumberExecutionContext.lambda$runTestCase$5(CucumberExecutionContext.java:129)\r\n\tat io.cucumber.core.runtime.RethrowingThrowableCollector.executeAndThrow(RethrowingThrowableCollector.java:23)\r\n\tat io.cucumber.core.runtime.CucumberExecutionContext.runTestCase(CucumberExecutionContext.java:129)\r\n\tat io.cucumber.core.runtime.Runtime.lambda$executePickle$7(Runtime.java:129)\r\n\tat java.base/java.util.concurrent.Executors$RunnableAdapter.call(Executors.java:515)\r\n\tat java.base/java.util.concurrent.FutureTask.run(FutureTask.java:264)\r\n\tat io.cucumber.core.runtime.Runtime$SameThreadExecutorService.execute(Runtime.java:250)\r\n\tat java.base/java.util.concurrent.AbstractExecutorService.submit(AbstractExecutorService.java:118)\r\n\tat io.cucumber.core.runtime.Runtime.lambda$runFeatures$3(Runtime.java:111)\r\n\tat java.base/java.util.stream.ReferencePipeline$3$1.accept(ReferencePipeline.java:195)\r\n\tat java.base/java.util.stream.SliceOps$1$1.accept(SliceOps.java:199)\r\n\tat java.base/java.util.ArrayList$ArrayListSpliterator.tryAdvance(ArrayList.java:1632)\r\n\tat java.base/java.util.stream.ReferencePipeline.forEachWithCancel(ReferencePipeline.java:127)\r\n\tat java.base/java.util.stream.AbstractPipeline.copyIntoWithCancel(AbstractPipeline.java:502)\r\n\tat java.base/java.util.stream.AbstractPipeline.copyInto(AbstractPipeline.java:488)\r\n\tat java.base/java.util.stream.AbstractPipeline.wrapAndCopyInto(AbstractPipeline.java:474)\r\n\tat java.base/java.util.stream.ReduceOps$ReduceOp.evaluateSequential(ReduceOps.java:913)\r\n\tat java.base/java.util.stream.AbstractPipeline.evaluate(AbstractPipeline.java:234)\r\n\tat java.base/java.util.stream.ReferencePipeline.collect(ReferencePipeline.java:578)\r\n\tat io.cucumber.core.runtime.Runtime.runFeatures(Runtime.java:112)\r\n\tat io.cucumber.core.runtime.Runtime.lambda$run$0(Runtime.java:84)\r\n\tat io.cucumber.core.runtime.Runtime.execute(Runtime.java:96)\r\n\tat io.cucumber.core.runtime.Runtime.run(Runtime.java:82)\r\n\tat io.cucumber.core.cli.Main.run(Main.java:87)\r\n\tat io.cucumber.core.cli.Main.main(Main.java:30)\r\n"},"stage":"finished","steps":[],"attachments":[],"parameters":[{"name":"fieldName","value":"Товары"}],"start":1705689910984,"stop":1705689921044}],"attachments":[{"name":"Скриншот в момент ошибки на шаге <выполнено нажатие на \"Товары\">","source":"85e883d8-eab5-4b1d-bbdc-8c1b8e758cdb-attachment.png","type":"image/png"}],"parameters":[],"start":1705689910972,"stop":1705689921237}],"attachments":[],"parameters":[],"start":1705689908884,"stop":1705689921243}